<?xml version="1.0" encoding="UTF-8"?>
<testng-results ignored="0" total="1" passed="1" failed="0" skipped="0">
  <reporter-output>
  </reporter-output>
  <suite started-at="2022-02-11T14:52:28 IST" name="Default suite" finished-at="2022-02-11T14:52:40 IST" duration-ms="11736">
    <groups>
    </groups>
    <test started-at="2022-02-11T14:52:28 IST" name="Default test" finished-at="2022-02-11T14:52:40 IST" duration-ms="11736">
      <class name="testpageobjmodel.testpom">
        <test-method signature="verifywikisearch()[pri:0, instance:testpageobjmodel.testpom@be35cd9]" started-at="2022-02-11T14:52:28 IST" name="verifywikisearch" finished-at="2022-02-11T14:52:40 IST" duration-ms="11711" status="PASS">
          <reporter-output>
          </reporter-output>
        </test-method> <!-- verifywikisearch -->
      </class> <!-- testpageobjmodel.testpom -->
    </test> <!-- Default test -->
  </suite> <!-- Default suite -->
</testng-results>
